<?xml version="1.0" encoding="UTF-8"?>
<!-- Generated by org.testng.reporters.JUnitXMLReporter -->
<testsuite ignored="0" hostname="NirmalLaptop" failures="0" tests="1" name="Test-FireFor" time="48.824" errors="0" timestamp="2023-12-22T15:23:59 SGT">
  <testcase classname="contactsTests.CreateContact_Assert" name="CreateContactWithMandatoryField" time="26.69"/>
</testsuite> <!-- Test-FireFor -->
