<?xml version="1.0" encoding="UTF-8"?>
<!-- Generated by org.testng.reporters.JUnitReportReporter -->
<testsuite hostname="NirmalLaptop" failures="0" tests="4" name="practice.TestNGPractice" time="0.010" errors="0" timestamp="2023-12-15T20:24:54 SGT" skipped="0">
  <testcase classname="practice.TestNGPractice" name="modifyCustomer" time="0.001"/>
  <system-out/>
  <testcase classname="practice.TestNGPractice" name="modifyCustomer" time="0.007"/>
  <system-out/>
  <testcase classname="practice.TestNGPractice" name="createCustomer" time="0.001"/>
  <system-out/>
  <testcase classname="practice.TestNGPractice" name="deleteCustomer" time="0.001"/>
  <system-out/>
</testsuite> <!-- practice.TestNGPractice -->
