<?xml version="1.0" encoding="UTF-8"?>
<!-- Generated by org.testng.reporters.JUnitReportReporter -->
<testsuite hostname="NirmalLaptop" failures="0" tests="1" name="contactsTests.CreateContact_BaseCls" time="26.026" errors="0" timestamp="2023-12-19T14:35:23 SGT" skipped="0">
  <testcase classname="contactsTests.CreateContact_BaseCls" name="CreateContactWithMandatoryField" time="26.026"/>
  <system-out/>
</testsuite> <!-- contactsTests.CreateContact_BaseCls -->
