<?xml version="1.0" encoding="UTF-8"?>
<!-- Generated by org.testng.reporters.JUnitReportReporter -->
<testsuite hostname="NirmalLaptop" failures="0" tests="1" name="practice.TestNgPracticeTest" time="0.018" errors="0" timestamp="2023-12-15T20:07:45 SGT" skipped="0">
  <testcase classname="practice.TestNgPracticeTest" name="sample" time="0.018"/>
  <system-out/>
</testsuite> <!-- practice.TestNgPracticeTest -->
